<?xml version="1.0" encoding="UTF-8"?>
<testsuite name="com.example.project.TestSpellChecker" tests="5" skipped="0" failures="0" errors="0" timestamp="2025-02-20T15:35:42" hostname="codespaces-e5c359" time="0.902">
  <properties/>
  <testcase name="testLinearSearchInList()" classname="com.example.project.TestSpellChecker" time="0.107"/>
  <testcase name="testBinarySearchInList2()" classname="com.example.project.TestSpellChecker" time="0.012"/>
  <testcase name="testBinarySearchNotInList()" classname="com.example.project.TestSpellChecker" time="0.004"/>
  <testcase name="testLinearSearchNotInList()" classname="com.example.project.TestSpellChecker" time="0.01"/>
  <testcase name="testBinarySearchInList()" classname="com.example.project.TestSpellChecker" time="0.011"/>
  <system-out><![CDATA[
dictionary.txt file imported successfully!
-- LINEAR SEARCH: Number of words checked (loop iterations): 44357

dictionary.txt file imported successfully!
1 -- LINEAR SEARCH: Number of words checked (loop iterations): 1

dictionary.txt file imported successfully!
1 2 3 4 5 6 7 8 9 10 11 12 13 14 15 16 17 
dictionary.txt file imported successfully!
-- LINEAR SEARCH: Number of words checked (loop iterations): 127143

dictionary.txt file imported successfully!
1 2 3 4 5 6 7 8 9 10 11 12 13 14 15 16 -- LINEAR SEARCH: Number of words checked (loop iterations): 16
]]></system-out>
  <system-err><![CDATA[]]></system-err>
</testsuite>
